<?xml version="1.0" encoding="UTF-8"?>
<!-- Generated by org.testng.reporters.JUnitXMLReporter -->
<testsuite ignored="0" hostname="DESKTOP-RC46GCS" failures="0" tests="5" name="Test" time="16.369" errors="0" timestamp="25 Jan. 2021 16:18:22 GMT">
  <testcase classname="com.PDS_Alfresco.tests.ModifierSujetDiscussionTest" name="@BeforeMethod openBrowser" time="5.49">
    <failure type="org.openqa.selenium.SessionNotCreatedException" message="session not created: This version of ChromeDriver only supports Chrome version 85
Build info: version: &amp;apos;3.141.59&amp;apos;, revision: &amp;apos;e82be7d358&amp;apos;, time: &amp;apos;2018-11-14T08:17:03&amp;apos;
System info: host: &amp;apos;DESKTOP-RC46GCS&amp;apos;, ip: &amp;apos;192.168.56.1&amp;apos;, os.name: &amp;apos;Windows 10&amp;apos;, os.arch: &amp;apos;amd64&amp;apos;, os.version: &amp;apos;10.0&amp;apos;, java.version: &amp;apos;15.0.1&amp;apos;
Driver info: driver.version: ChromeDriver
remote stacktrace: Backtrace:
	Ordinal0 [0x00FBD383+3134339]
	Ordinal0 [0x00EAA171+2007409]
	Ordinal0 [0x00D4AEE8+569064]
	Ordinal0 [0x00CD139F+70559]
	Ordinal0 [0x00CCCC63+52323]
	Ordinal0 [0x00CF0DFC+200188]
	Ordinal0 [0x00CF0C1D+199709]
	Ordinal0 [0x00CEEB0B+191243]
	Ordinal0 [0x00CD2E77+77431]
	Ordinal0 [0x00CD3E3E+81470]
	Ordinal0 [0x00CD3DC9+81353]
	Ordinal0 [0x00EC0CD9+2100441]
	GetHandleVerifier [0x0112B75A+1396954]
	GetHandleVerifier [0x0112B3D9+1396057]
	GetHandleVerifier [0x01137126+1444518]
	GetHandleVerifier [0x0112BCE8+1398376]
	Ordinal0 [0x00EB7F51+2064209]
	Ordinal0 [0x00EC22EB+2106091]
	Ordinal0 [0x00EC2411+2106385]
	Ordinal0 [0x00ED49C4+2181572]
	BaseThreadInitThunk [0x7747FA29+25]
	RtlGetAppContainerNamedObjectPath [0x776B75F4+228]
	RtlGetAppContainerNamedObjectPath [0x776B75C4+180]
">
      <![CDATA[org.openqa.selenium.SessionNotCreatedException: session not created: This version of ChromeDriver only supports Chrome version 85
Build info: version: '3.141.59', revision: 'e82be7d358', time: '2018-11-14T08:17:03'
System info: host: 'DESKTOP-RC46GCS', ip: '192.168.56.1', os.name: 'Windows 10', os.arch: 'amd64', os.version: '10.0', java.version: '15.0.1'
Driver info: driver.version: ChromeDriver
remote stacktrace: Backtrace:
Ordinal0 [0x00FBD383+3134339]
Ordinal0 [0x00EAA171+2007409]
Ordinal0 [0x00D4AEE8+569064]
Ordinal0 [0x00CD139F+70559]
Ordinal0 [0x00CCCC63+52323]
Ordinal0 [0x00CF0DFC+200188]
Ordinal0 [0x00CF0C1D+199709]
Ordinal0 [0x00CEEB0B+191243]
Ordinal0 [0x00CD2E77+77431]
Ordinal0 [0x00CD3E3E+81470]
Ordinal0 [0x00CD3DC9+81353]
Ordinal0 [0x00EC0CD9+2100441]
GetHandleVerifier [0x0112B75A+1396954]
GetHandleVerifier [0x0112B3D9+1396057]
GetHandleVerifier [0x01137126+1444518]
GetHandleVerifier [0x0112BCE8+1398376]
Ordinal0 [0x00EB7F51+2064209]
Ordinal0 [0x00EC22EB+2106091]
Ordinal0 [0x00EC2411+2106385]
Ordinal0 [0x00ED49C4+2181572]
BaseThreadInitThunk [0x7747FA29+25]
RtlGetAppContainerNamedObjectPath [0x776B75F4+228]
RtlGetAppContainerNamedObjectPath [0x776B75C4+180]

at org.openqa.selenium.remote.W3CHandshakeResponse.lambda$errorHandler$0(W3CHandshakeResponse.java:62)
at org.openqa.selenium.remote.HandshakeResponse.lambda$getResponseFunction$0(HandshakeResponse.java:30)
at org.openqa.selenium.remote.ProtocolHandshake.lambda$createSession$0(ProtocolHandshake.java:126)
at java.base/java.util.stream.ReferencePipeline$3$1.accept(ReferencePipeline.java:195)
at java.base/java.util.Spliterators$ArraySpliterator.tryAdvance(Spliterators.java:958)
at java.base/java.util.stream.ReferencePipeline.forEachWithCancel(ReferencePipeline.java:127)
at java.base/java.util.stream.AbstractPipeline.copyIntoWithCancel(AbstractPipeline.java:502)
at java.base/java.util.stream.AbstractPipeline.copyInto(AbstractPipeline.java:488)
at java.base/java.util.stream.AbstractPipeline.wrapAndCopyInto(AbstractPipeline.java:474)
at java.base/java.util.stream.FindOps$FindOp.evaluateSequential(FindOps.java:150)
at java.base/java.util.stream.AbstractPipeline.evaluate(AbstractPipeline.java:234)
at java.base/java.util.stream.ReferencePipeline.findFirst(ReferencePipeline.java:543)
at org.openqa.selenium.remote.ProtocolHandshake.createSession(ProtocolHandshake.java:128)
at org.openqa.selenium.remote.ProtocolHandshake.createSession(ProtocolHandshake.java:74)
at org.openqa.selenium.remote.HttpCommandExecutor.execute(HttpCommandExecutor.java:136)
at org.openqa.selenium.remote.service.DriverCommandExecutor.execute(DriverCommandExecutor.java:83)
at org.openqa.selenium.remote.RemoteWebDriver.execute(RemoteWebDriver.java:552)
at org.openqa.selenium.remote.RemoteWebDriver.startSession(RemoteWebDriver.java:213)
at org.openqa.selenium.remote.RemoteWebDriver.<init>(RemoteWebDriver.java:131)
at org.openqa.selenium.chrome.ChromeDriver.<init>(ChromeDriver.java:181)
at org.openqa.selenium.chrome.ChromeDriver.<init>(ChromeDriver.java:168)
at org.openqa.selenium.chrome.ChromeDriver.<init>(ChromeDriver.java:157)
at com.PDS_Alfresco.cases.Keywords.ConfigureBrowser(Keywords.java:47)
at com.PDS_Alfresco.cases.Keywords.initiateBrowser(Keywords.java:69)
at com.PDS_Alfresco.tests.ModifierSujetDiscussionTest.openBrowser(ModifierSujetDiscussionTest.java:23)
... Removed 33 stack frames]]>
    </failure>
  </testcase> <!-- @BeforeMethod openBrowser -->
  <testcase classname="com.PDS_Alfresco.tests.ModifierSujetDiscussionTest" name="@AfterMethod closeBrowser" time="0.0">
    <skipped/>
  </testcase> <!-- @AfterMethod closeBrowser -->
  <testcase classname="com.PDS_Alfresco.tests.AjouterModuleSiteTest" name="@BeforeMethod openBrowser" time="2.634">
    <failure type="org.openqa.selenium.SessionNotCreatedException" message="session not created: This version of ChromeDriver only supports Chrome version 85
Build info: version: &amp;apos;3.141.59&amp;apos;, revision: &amp;apos;e82be7d358&amp;apos;, time: &amp;apos;2018-11-14T08:17:03&amp;apos;
System info: host: &amp;apos;DESKTOP-RC46GCS&amp;apos;, ip: &amp;apos;192.168.56.1&amp;apos;, os.name: &amp;apos;Windows 10&amp;apos;, os.arch: &amp;apos;amd64&amp;apos;, os.version: &amp;apos;10.0&amp;apos;, java.version: &amp;apos;15.0.1&amp;apos;
Driver info: driver.version: ChromeDriver
remote stacktrace: Backtrace:
	Ordinal0 [0x00FBD383+3134339]
	Ordinal0 [0x00EAA171+2007409]
	Ordinal0 [0x00D4AEE8+569064]
	Ordinal0 [0x00CD139F+70559]
	Ordinal0 [0x00CCCC63+52323]
	Ordinal0 [0x00CF0DFC+200188]
	Ordinal0 [0x00CF0C1D+199709]
	Ordinal0 [0x00CEEB0B+191243]
	Ordinal0 [0x00CD2E77+77431]
	Ordinal0 [0x00CD3E3E+81470]
	Ordinal0 [0x00CD3DC9+81353]
	Ordinal0 [0x00EC0CD9+2100441]
	GetHandleVerifier [0x0112B75A+1396954]
	GetHandleVerifier [0x0112B3D9+1396057]
	GetHandleVerifier [0x01137126+1444518]
	GetHandleVerifier [0x0112BCE8+1398376]
	Ordinal0 [0x00EB7F51+2064209]
	Ordinal0 [0x00EC22EB+2106091]
	Ordinal0 [0x00EC2411+2106385]
	Ordinal0 [0x00ED49C4+2181572]
	BaseThreadInitThunk [0x7747FA29+25]
	RtlGetAppContainerNamedObjectPath [0x776B75F4+228]
	RtlGetAppContainerNamedObjectPath [0x776B75C4+180]
">
      <![CDATA[org.openqa.selenium.SessionNotCreatedException: session not created: This version of ChromeDriver only supports Chrome version 85
Build info: version: '3.141.59', revision: 'e82be7d358', time: '2018-11-14T08:17:03'
System info: host: 'DESKTOP-RC46GCS', ip: '192.168.56.1', os.name: 'Windows 10', os.arch: 'amd64', os.version: '10.0', java.version: '15.0.1'
Driver info: driver.version: ChromeDriver
remote stacktrace: Backtrace:
Ordinal0 [0x00FBD383+3134339]
Ordinal0 [0x00EAA171+2007409]
Ordinal0 [0x00D4AEE8+569064]
Ordinal0 [0x00CD139F+70559]
Ordinal0 [0x00CCCC63+52323]
Ordinal0 [0x00CF0DFC+200188]
Ordinal0 [0x00CF0C1D+199709]
Ordinal0 [0x00CEEB0B+191243]
Ordinal0 [0x00CD2E77+77431]
Ordinal0 [0x00CD3E3E+81470]
Ordinal0 [0x00CD3DC9+81353]
Ordinal0 [0x00EC0CD9+2100441]
GetHandleVerifier [0x0112B75A+1396954]
GetHandleVerifier [0x0112B3D9+1396057]
GetHandleVerifier [0x01137126+1444518]
GetHandleVerifier [0x0112BCE8+1398376]
Ordinal0 [0x00EB7F51+2064209]
Ordinal0 [0x00EC22EB+2106091]
Ordinal0 [0x00EC2411+2106385]
Ordinal0 [0x00ED49C4+2181572]
BaseThreadInitThunk [0x7747FA29+25]
RtlGetAppContainerNamedObjectPath [0x776B75F4+228]
RtlGetAppContainerNamedObjectPath [0x776B75C4+180]

at org.openqa.selenium.remote.W3CHandshakeResponse.lambda$errorHandler$0(W3CHandshakeResponse.java:62)
at org.openqa.selenium.remote.HandshakeResponse.lambda$getResponseFunction$0(HandshakeResponse.java:30)
at org.openqa.selenium.remote.ProtocolHandshake.lambda$createSession$0(ProtocolHandshake.java:126)
at java.base/java.util.stream.ReferencePipeline$3$1.accept(ReferencePipeline.java:195)
at java.base/java.util.Spliterators$ArraySpliterator.tryAdvance(Spliterators.java:958)
at java.base/java.util.stream.ReferencePipeline.forEachWithCancel(ReferencePipeline.java:127)
at java.base/java.util.stream.AbstractPipeline.copyIntoWithCancel(AbstractPipeline.java:502)
at java.base/java.util.stream.AbstractPipeline.copyInto(AbstractPipeline.java:488)
at java.base/java.util.stream.AbstractPipeline.wrapAndCopyInto(AbstractPipeline.java:474)
at java.base/java.util.stream.FindOps$FindOp.evaluateSequential(FindOps.java:150)
at java.base/java.util.stream.AbstractPipeline.evaluate(AbstractPipeline.java:234)
at java.base/java.util.stream.ReferencePipeline.findFirst(ReferencePipeline.java:543)
at org.openqa.selenium.remote.ProtocolHandshake.createSession(ProtocolHandshake.java:128)
at org.openqa.selenium.remote.ProtocolHandshake.createSession(ProtocolHandshake.java:74)
at org.openqa.selenium.remote.HttpCommandExecutor.execute(HttpCommandExecutor.java:136)
at org.openqa.selenium.remote.service.DriverCommandExecutor.execute(DriverCommandExecutor.java:83)
at org.openqa.selenium.remote.RemoteWebDriver.execute(RemoteWebDriver.java:552)
at org.openqa.selenium.remote.RemoteWebDriver.startSession(RemoteWebDriver.java:213)
at org.openqa.selenium.remote.RemoteWebDriver.<init>(RemoteWebDriver.java:131)
at org.openqa.selenium.chrome.ChromeDriver.<init>(ChromeDriver.java:181)
at org.openqa.selenium.chrome.ChromeDriver.<init>(ChromeDriver.java:168)
at org.openqa.selenium.chrome.ChromeDriver.<init>(ChromeDriver.java:157)
at com.PDS_Alfresco.cases.Keywords.ConfigureBrowser(Keywords.java:47)
at com.PDS_Alfresco.cases.Keywords.initiateBrowser(Keywords.java:69)
at com.PDS_Alfresco.tests.AjouterModuleSiteTest.openBrowser(AjouterModuleSiteTest.java:23)
... Removed 33 stack frames]]>
    </failure>
  </testcase> <!-- @BeforeMethod openBrowser -->
  <testcase classname="com.PDS_Alfresco.tests.AjouterModuleSiteTest" name="@AfterMethod closeBrowser" time="0.0">
    <skipped/>
  </testcase> <!-- @AfterMethod closeBrowser -->
  <testcase classname="com.PDS_Alfresco.tests.CreerProprieteTypePersonaliseTest" name="@BeforeMethod openBrowser" time="2.771">
    <failure type="org.openqa.selenium.SessionNotCreatedException" message="session not created: This version of ChromeDriver only supports Chrome version 85
Build info: version: &amp;apos;3.141.59&amp;apos;, revision: &amp;apos;e82be7d358&amp;apos;, time: &amp;apos;2018-11-14T08:17:03&amp;apos;
System info: host: &amp;apos;DESKTOP-RC46GCS&amp;apos;, ip: &amp;apos;192.168.56.1&amp;apos;, os.name: &amp;apos;Windows 10&amp;apos;, os.arch: &amp;apos;amd64&amp;apos;, os.version: &amp;apos;10.0&amp;apos;, java.version: &amp;apos;15.0.1&amp;apos;
Driver info: driver.version: ChromeDriver
remote stacktrace: Backtrace:
	Ordinal0 [0x00FBD383+3134339]
	Ordinal0 [0x00EAA171+2007409]
	Ordinal0 [0x00D4AEE8+569064]
	Ordinal0 [0x00CD139F+70559]
	Ordinal0 [0x00CCCC63+52323]
	Ordinal0 [0x00CF0DFC+200188]
	Ordinal0 [0x00CF0C1D+199709]
	Ordinal0 [0x00CEEB0B+191243]
	Ordinal0 [0x00CD2E77+77431]
	Ordinal0 [0x00CD3E3E+81470]
	Ordinal0 [0x00CD3DC9+81353]
	Ordinal0 [0x00EC0CD9+2100441]
	GetHandleVerifier [0x0112B75A+1396954]
	GetHandleVerifier [0x0112B3D9+1396057]
	GetHandleVerifier [0x01137126+1444518]
	GetHandleVerifier [0x0112BCE8+1398376]
	Ordinal0 [0x00EB7F51+2064209]
	Ordinal0 [0x00EC22EB+2106091]
	Ordinal0 [0x00EC2411+2106385]
	Ordinal0 [0x00ED49C4+2181572]
	BaseThreadInitThunk [0x7747FA29+25]
	RtlGetAppContainerNamedObjectPath [0x776B75F4+228]
	RtlGetAppContainerNamedObjectPath [0x776B75C4+180]
">
      <![CDATA[org.openqa.selenium.SessionNotCreatedException: session not created: This version of ChromeDriver only supports Chrome version 85
Build info: version: '3.141.59', revision: 'e82be7d358', time: '2018-11-14T08:17:03'
System info: host: 'DESKTOP-RC46GCS', ip: '192.168.56.1', os.name: 'Windows 10', os.arch: 'amd64', os.version: '10.0', java.version: '15.0.1'
Driver info: driver.version: ChromeDriver
remote stacktrace: Backtrace:
Ordinal0 [0x00FBD383+3134339]
Ordinal0 [0x00EAA171+2007409]
Ordinal0 [0x00D4AEE8+569064]
Ordinal0 [0x00CD139F+70559]
Ordinal0 [0x00CCCC63+52323]
Ordinal0 [0x00CF0DFC+200188]
Ordinal0 [0x00CF0C1D+199709]
Ordinal0 [0x00CEEB0B+191243]
Ordinal0 [0x00CD2E77+77431]
Ordinal0 [0x00CD3E3E+81470]
Ordinal0 [0x00CD3DC9+81353]
Ordinal0 [0x00EC0CD9+2100441]
GetHandleVerifier [0x0112B75A+1396954]
GetHandleVerifier [0x0112B3D9+1396057]
GetHandleVerifier [0x01137126+1444518]
GetHandleVerifier [0x0112BCE8+1398376]
Ordinal0 [0x00EB7F51+2064209]
Ordinal0 [0x00EC22EB+2106091]
Ordinal0 [0x00EC2411+2106385]
Ordinal0 [0x00ED49C4+2181572]
BaseThreadInitThunk [0x7747FA29+25]
RtlGetAppContainerNamedObjectPath [0x776B75F4+228]
RtlGetAppContainerNamedObjectPath [0x776B75C4+180]

at org.openqa.selenium.remote.W3CHandshakeResponse.lambda$errorHandler$0(W3CHandshakeResponse.java:62)
at org.openqa.selenium.remote.HandshakeResponse.lambda$getResponseFunction$0(HandshakeResponse.java:30)
at org.openqa.selenium.remote.ProtocolHandshake.lambda$createSession$0(ProtocolHandshake.java:126)
at java.base/java.util.stream.ReferencePipeline$3$1.accept(ReferencePipeline.java:195)
at java.base/java.util.Spliterators$ArraySpliterator.tryAdvance(Spliterators.java:958)
at java.base/java.util.stream.ReferencePipeline.forEachWithCancel(ReferencePipeline.java:127)
at java.base/java.util.stream.AbstractPipeline.copyIntoWithCancel(AbstractPipeline.java:502)
at java.base/java.util.stream.AbstractPipeline.copyInto(AbstractPipeline.java:488)
at java.base/java.util.stream.AbstractPipeline.wrapAndCopyInto(AbstractPipeline.java:474)
at java.base/java.util.stream.FindOps$FindOp.evaluateSequential(FindOps.java:150)
at java.base/java.util.stream.AbstractPipeline.evaluate(AbstractPipeline.java:234)
at java.base/java.util.stream.ReferencePipeline.findFirst(ReferencePipeline.java:543)
at org.openqa.selenium.remote.ProtocolHandshake.createSession(ProtocolHandshake.java:128)
at org.openqa.selenium.remote.ProtocolHandshake.createSession(ProtocolHandshake.java:74)
at org.openqa.selenium.remote.HttpCommandExecutor.execute(HttpCommandExecutor.java:136)
at org.openqa.selenium.remote.service.DriverCommandExecutor.execute(DriverCommandExecutor.java:83)
at org.openqa.selenium.remote.RemoteWebDriver.execute(RemoteWebDriver.java:552)
at org.openqa.selenium.remote.RemoteWebDriver.startSession(RemoteWebDriver.java:213)
at org.openqa.selenium.remote.RemoteWebDriver.<init>(RemoteWebDriver.java:131)
at org.openqa.selenium.chrome.ChromeDriver.<init>(ChromeDriver.java:181)
at org.openqa.selenium.chrome.ChromeDriver.<init>(ChromeDriver.java:168)
at org.openqa.selenium.chrome.ChromeDriver.<init>(ChromeDriver.java:157)
at com.PDS_Alfresco.cases.Keywords.ConfigureBrowser(Keywords.java:47)
at com.PDS_Alfresco.cases.Keywords.initiateBrowser(Keywords.java:69)
at com.PDS_Alfresco.tests.CreerProprieteTypePersonaliseTest.openBrowser(CreerProprieteTypePersonaliseTest.java:25)
... Removed 33 stack frames]]>
    </failure>
  </testcase> <!-- @BeforeMethod openBrowser -->
  <testcase classname="com.PDS_Alfresco.tests.CreerProprieteTypePersonaliseTest" name="@AfterMethod closeBrowser" time="0.0">
    <skipped/>
  </testcase> <!-- @AfterMethod closeBrowser -->
  <testcase classname="com.PDS_Alfresco.tests.SupprimerModuleSiteTest" name="@BeforeMethod openBrowser" time="2.613">
    <failure type="org.openqa.selenium.SessionNotCreatedException" message="session not created: This version of ChromeDriver only supports Chrome version 85
Build info: version: &amp;apos;3.141.59&amp;apos;, revision: &amp;apos;e82be7d358&amp;apos;, time: &amp;apos;2018-11-14T08:17:03&amp;apos;
System info: host: &amp;apos;DESKTOP-RC46GCS&amp;apos;, ip: &amp;apos;192.168.56.1&amp;apos;, os.name: &amp;apos;Windows 10&amp;apos;, os.arch: &amp;apos;amd64&amp;apos;, os.version: &amp;apos;10.0&amp;apos;, java.version: &amp;apos;15.0.1&amp;apos;
Driver info: driver.version: ChromeDriver
remote stacktrace: Backtrace:
	Ordinal0 [0x00FBD383+3134339]
	Ordinal0 [0x00EAA171+2007409]
	Ordinal0 [0x00D4AEE8+569064]
	Ordinal0 [0x00CD139F+70559]
	Ordinal0 [0x00CCCC63+52323]
	Ordinal0 [0x00CF0DFC+200188]
	Ordinal0 [0x00CF0C1D+199709]
	Ordinal0 [0x00CEEB0B+191243]
	Ordinal0 [0x00CD2E77+77431]
	Ordinal0 [0x00CD3E3E+81470]
	Ordinal0 [0x00CD3DC9+81353]
	Ordinal0 [0x00EC0CD9+2100441]
	GetHandleVerifier [0x0112B75A+1396954]
	GetHandleVerifier [0x0112B3D9+1396057]
	GetHandleVerifier [0x01137126+1444518]
	GetHandleVerifier [0x0112BCE8+1398376]
	Ordinal0 [0x00EB7F51+2064209]
	Ordinal0 [0x00EC22EB+2106091]
	Ordinal0 [0x00EC2411+2106385]
	Ordinal0 [0x00ED49C4+2181572]
	BaseThreadInitThunk [0x7747FA29+25]
	RtlGetAppContainerNamedObjectPath [0x776B75F4+228]
	RtlGetAppContainerNamedObjectPath [0x776B75C4+180]
">
      <![CDATA[org.openqa.selenium.SessionNotCreatedException: session not created: This version of ChromeDriver only supports Chrome version 85
Build info: version: '3.141.59', revision: 'e82be7d358', time: '2018-11-14T08:17:03'
System info: host: 'DESKTOP-RC46GCS', ip: '192.168.56.1', os.name: 'Windows 10', os.arch: 'amd64', os.version: '10.0', java.version: '15.0.1'
Driver info: driver.version: ChromeDriver
remote stacktrace: Backtrace:
Ordinal0 [0x00FBD383+3134339]
Ordinal0 [0x00EAA171+2007409]
Ordinal0 [0x00D4AEE8+569064]
Ordinal0 [0x00CD139F+70559]
Ordinal0 [0x00CCCC63+52323]
Ordinal0 [0x00CF0DFC+200188]
Ordinal0 [0x00CF0C1D+199709]
Ordinal0 [0x00CEEB0B+191243]
Ordinal0 [0x00CD2E77+77431]
Ordinal0 [0x00CD3E3E+81470]
Ordinal0 [0x00CD3DC9+81353]
Ordinal0 [0x00EC0CD9+2100441]
GetHandleVerifier [0x0112B75A+1396954]
GetHandleVerifier [0x0112B3D9+1396057]
GetHandleVerifier [0x01137126+1444518]
GetHandleVerifier [0x0112BCE8+1398376]
Ordinal0 [0x00EB7F51+2064209]
Ordinal0 [0x00EC22EB+2106091]
Ordinal0 [0x00EC2411+2106385]
Ordinal0 [0x00ED49C4+2181572]
BaseThreadInitThunk [0x7747FA29+25]
RtlGetAppContainerNamedObjectPath [0x776B75F4+228]
RtlGetAppContainerNamedObjectPath [0x776B75C4+180]

at org.openqa.selenium.remote.W3CHandshakeResponse.lambda$errorHandler$0(W3CHandshakeResponse.java:62)
at org.openqa.selenium.remote.HandshakeResponse.lambda$getResponseFunction$0(HandshakeResponse.java:30)
at org.openqa.selenium.remote.ProtocolHandshake.lambda$createSession$0(ProtocolHandshake.java:126)
at java.base/java.util.stream.ReferencePipeline$3$1.accept(ReferencePipeline.java:195)
at java.base/java.util.Spliterators$ArraySpliterator.tryAdvance(Spliterators.java:958)
at java.base/java.util.stream.ReferencePipeline.forEachWithCancel(ReferencePipeline.java:127)
at java.base/java.util.stream.AbstractPipeline.copyIntoWithCancel(AbstractPipeline.java:502)
at java.base/java.util.stream.AbstractPipeline.copyInto(AbstractPipeline.java:488)
at java.base/java.util.stream.AbstractPipeline.wrapAndCopyInto(AbstractPipeline.java:474)
at java.base/java.util.stream.FindOps$FindOp.evaluateSequential(FindOps.java:150)
at java.base/java.util.stream.AbstractPipeline.evaluate(AbstractPipeline.java:234)
at java.base/java.util.stream.ReferencePipeline.findFirst(ReferencePipeline.java:543)
at org.openqa.selenium.remote.ProtocolHandshake.createSession(ProtocolHandshake.java:128)
at org.openqa.selenium.remote.ProtocolHandshake.createSession(ProtocolHandshake.java:74)
at org.openqa.selenium.remote.HttpCommandExecutor.execute(HttpCommandExecutor.java:136)
at org.openqa.selenium.remote.service.DriverCommandExecutor.execute(DriverCommandExecutor.java:83)
at org.openqa.selenium.remote.RemoteWebDriver.execute(RemoteWebDriver.java:552)
at org.openqa.selenium.remote.RemoteWebDriver.startSession(RemoteWebDriver.java:213)
at org.openqa.selenium.remote.RemoteWebDriver.<init>(RemoteWebDriver.java:131)
at org.openqa.selenium.chrome.ChromeDriver.<init>(ChromeDriver.java:181)
at org.openqa.selenium.chrome.ChromeDriver.<init>(ChromeDriver.java:168)
at org.openqa.selenium.chrome.ChromeDriver.<init>(ChromeDriver.java:157)
at com.PDS_Alfresco.cases.Keywords.ConfigureBrowser(Keywords.java:47)
at com.PDS_Alfresco.cases.Keywords.initiateBrowser(Keywords.java:69)
at com.PDS_Alfresco.tests.SupprimerModuleSiteTest.openBrowser(SupprimerModuleSiteTest.java:23)
... Removed 33 stack frames]]>
    </failure>
  </testcase> <!-- @BeforeMethod openBrowser -->
  <testcase classname="com.PDS_Alfresco.tests.SupprimerModuleSiteTest" name="@AfterMethod closeBrowser" time="0.0">
    <skipped/>
  </testcase> <!-- @AfterMethod closeBrowser -->
  <testcase classname="com.PDS_Alfresco.tests.CreerSousGroupeTest" name="@BeforeMethod openBrowser" time="2.519">
    <failure type="org.openqa.selenium.SessionNotCreatedException" message="session not created: This version of ChromeDriver only supports Chrome version 85
Build info: version: &amp;apos;3.141.59&amp;apos;, revision: &amp;apos;e82be7d358&amp;apos;, time: &amp;apos;2018-11-14T08:17:03&amp;apos;
System info: host: &amp;apos;DESKTOP-RC46GCS&amp;apos;, ip: &amp;apos;192.168.56.1&amp;apos;, os.name: &amp;apos;Windows 10&amp;apos;, os.arch: &amp;apos;amd64&amp;apos;, os.version: &amp;apos;10.0&amp;apos;, java.version: &amp;apos;15.0.1&amp;apos;
Driver info: driver.version: ChromeDriver
remote stacktrace: Backtrace:
	Ordinal0 [0x00FBD383+3134339]
	Ordinal0 [0x00EAA171+2007409]
	Ordinal0 [0x00D4AEE8+569064]
	Ordinal0 [0x00CD139F+70559]
	Ordinal0 [0x00CCCC63+52323]
	Ordinal0 [0x00CF0DFC+200188]
	Ordinal0 [0x00CF0C1D+199709]
	Ordinal0 [0x00CEEB0B+191243]
	Ordinal0 [0x00CD2E77+77431]
	Ordinal0 [0x00CD3E3E+81470]
	Ordinal0 [0x00CD3DC9+81353]
	Ordinal0 [0x00EC0CD9+2100441]
	GetHandleVerifier [0x0112B75A+1396954]
	GetHandleVerifier [0x0112B3D9+1396057]
	GetHandleVerifier [0x01137126+1444518]
	GetHandleVerifier [0x0112BCE8+1398376]
	Ordinal0 [0x00EB7F51+2064209]
	Ordinal0 [0x00EC22EB+2106091]
	Ordinal0 [0x00EC2411+2106385]
	Ordinal0 [0x00ED49C4+2181572]
	BaseThreadInitThunk [0x7747FA29+25]
	RtlGetAppContainerNamedObjectPath [0x776B75F4+228]
	RtlGetAppContainerNamedObjectPath [0x776B75C4+180]
">
      <![CDATA[org.openqa.selenium.SessionNotCreatedException: session not created: This version of ChromeDriver only supports Chrome version 85
Build info: version: '3.141.59', revision: 'e82be7d358', time: '2018-11-14T08:17:03'
System info: host: 'DESKTOP-RC46GCS', ip: '192.168.56.1', os.name: 'Windows 10', os.arch: 'amd64', os.version: '10.0', java.version: '15.0.1'
Driver info: driver.version: ChromeDriver
remote stacktrace: Backtrace:
Ordinal0 [0x00FBD383+3134339]
Ordinal0 [0x00EAA171+2007409]
Ordinal0 [0x00D4AEE8+569064]
Ordinal0 [0x00CD139F+70559]
Ordinal0 [0x00CCCC63+52323]
Ordinal0 [0x00CF0DFC+200188]
Ordinal0 [0x00CF0C1D+199709]
Ordinal0 [0x00CEEB0B+191243]
Ordinal0 [0x00CD2E77+77431]
Ordinal0 [0x00CD3E3E+81470]
Ordinal0 [0x00CD3DC9+81353]
Ordinal0 [0x00EC0CD9+2100441]
GetHandleVerifier [0x0112B75A+1396954]
GetHandleVerifier [0x0112B3D9+1396057]
GetHandleVerifier [0x01137126+1444518]
GetHandleVerifier [0x0112BCE8+1398376]
Ordinal0 [0x00EB7F51+2064209]
Ordinal0 [0x00EC22EB+2106091]
Ordinal0 [0x00EC2411+2106385]
Ordinal0 [0x00ED49C4+2181572]
BaseThreadInitThunk [0x7747FA29+25]
RtlGetAppContainerNamedObjectPath [0x776B75F4+228]
RtlGetAppContainerNamedObjectPath [0x776B75C4+180]

at org.openqa.selenium.remote.W3CHandshakeResponse.lambda$errorHandler$0(W3CHandshakeResponse.java:62)
at org.openqa.selenium.remote.HandshakeResponse.lambda$getResponseFunction$0(HandshakeResponse.java:30)
at org.openqa.selenium.remote.ProtocolHandshake.lambda$createSession$0(ProtocolHandshake.java:126)
at java.base/java.util.stream.ReferencePipeline$3$1.accept(ReferencePipeline.java:195)
at java.base/java.util.Spliterators$ArraySpliterator.tryAdvance(Spliterators.java:958)
at java.base/java.util.stream.ReferencePipeline.forEachWithCancel(ReferencePipeline.java:127)
at java.base/java.util.stream.AbstractPipeline.copyIntoWithCancel(AbstractPipeline.java:502)
at java.base/java.util.stream.AbstractPipeline.copyInto(AbstractPipeline.java:488)
at java.base/java.util.stream.AbstractPipeline.wrapAndCopyInto(AbstractPipeline.java:474)
at java.base/java.util.stream.FindOps$FindOp.evaluateSequential(FindOps.java:150)
at java.base/java.util.stream.AbstractPipeline.evaluate(AbstractPipeline.java:234)
at java.base/java.util.stream.ReferencePipeline.findFirst(ReferencePipeline.java:543)
at org.openqa.selenium.remote.ProtocolHandshake.createSession(ProtocolHandshake.java:128)
at org.openqa.selenium.remote.ProtocolHandshake.createSession(ProtocolHandshake.java:74)
at org.openqa.selenium.remote.HttpCommandExecutor.execute(HttpCommandExecutor.java:136)
at org.openqa.selenium.remote.service.DriverCommandExecutor.execute(DriverCommandExecutor.java:83)
at org.openqa.selenium.remote.RemoteWebDriver.execute(RemoteWebDriver.java:552)
at org.openqa.selenium.remote.RemoteWebDriver.startSession(RemoteWebDriver.java:213)
at org.openqa.selenium.remote.RemoteWebDriver.<init>(RemoteWebDriver.java:131)
at org.openqa.selenium.chrome.ChromeDriver.<init>(ChromeDriver.java:181)
at org.openqa.selenium.chrome.ChromeDriver.<init>(ChromeDriver.java:168)
at org.openqa.selenium.chrome.ChromeDriver.<init>(ChromeDriver.java:157)
at com.PDS_Alfresco.cases.Keywords.ConfigureBrowser(Keywords.java:47)
at com.PDS_Alfresco.cases.Keywords.initiateBrowser(Keywords.java:69)
at com.PDS_Alfresco.tests.CreerSousGroupeTest.openBrowser(CreerSousGroupeTest.java:26)
... Removed 33 stack frames]]>
    </failure>
  </testcase> <!-- @BeforeMethod openBrowser -->
  <testcase classname="com.PDS_Alfresco.tests.CreerSousGroupeTest" name="@AfterMethod closeBrowser" time="0.0">
    <skipped/>
  </testcase> <!-- @AfterMethod closeBrowser -->
  <testcase classname="com.PDS_Alfresco.tests.ModifierSujetDiscussionTest" name="modifierSujetDiscussion" time="0.0">
    <skipped/>
  </testcase> <!-- modifierSujetDiscussion -->
  <testcase classname="com.PDS_Alfresco.tests.AjouterModuleSiteTest" name="AjouterModule" time="0.0">
    <skipped/>
  </testcase> <!-- AjouterModule -->
  <testcase classname="com.PDS_Alfresco.tests.CreerProprieteTypePersonaliseTest" name="creerProprieteTypePersonalise" time="0.0">
    <skipped/>
  </testcase> <!-- creerProprieteTypePersonalise -->
  <testcase classname="com.PDS_Alfresco.tests.SupprimerModuleSiteTest" name="supprimerModule" time="0.0">
    <skipped/>
  </testcase> <!-- supprimerModule -->
  <testcase classname="com.PDS_Alfresco.tests.CreerSousGroupeTest" name="creerSousGroupe" time="0.0">
    <skipped/>
  </testcase> <!-- creerSousGroupe -->
</testsuite> <!-- Test -->
